# JRE version: OpenJDK Runtime Environment (8.0_242) (build 1.8.0_242-release-1644-b3-6222593)
# Java VM: OpenJDK 64-Bit Server VM (25.242-b3-6222593 mixed mode linux-amd64 compressed oops)
Heap:
 PSYoungGen      total 139776K, used 0K [0x00000000d5580000, 0x00000000e1000000, 0x0000000100000000)
  eden space 128000K, 0% used [0x00000000d5580000,0x00000000d5580000,0x00000000dd280000)
  from space 11776K, 0% used [0x00000000dd280000,0x00000000dd280000,0x00000000dde00000)
  to   space 13824K, 0% used [0x00000000e0280000,0x00000000e0280000,0x00000000e1000000)
 ParOldGen       total 60928K, used 17982K [0x0000000080000000, 0x0000000083b80000, 0x00000000d5580000)
  object space 60928K, 29% used [0x0000000080000000,0x000000008118f930,0x0000000083b80000)
 Metaspace       used 34296K, capacity 35410K, committed 35496K, reserved 1079296K
  class space    used 4719K, capacity 5004K, committed 5040K, reserved 1048576K
GC Heap History (10 events):
Event: 2.206 GC heap after
Heap after GC invocations=4 (full 0):
 PSYoungGen      total 70656K, used 5088K [0x00000000d5580000, 0x00000000ddd80000, 0x0000000100000000)
  eden space 65536K, 0% used [0x00000000d5580000,0x00000000d5580000,0x00000000d9580000)
  from space 5120K, 99% used [0x00000000d9a80000,0x00000000d9f78050,0x00000000d9f80000)
  to   space 5120K, 0% used [0x00000000d9580000,0x00000000d9580000,0x00000000d9a80000)
 ParOldGen       total 86016K, used 7720K [0x0000000080000000, 0x0000000085400000, 0x00000000d5580000)
  object space 86016K, 8% used [0x0000000080000000,0x000000008078a030,0x0000000085400000)
 Metaspace       used 18572K, capacity 19240K, committed 19456K, reserved 1067008K
  class space    used 2554K, capacity 2742K, committed 2816K, reserved 1048576K
}
Event: 2.466 GC heap before
{Heap before GC invocations=5 (full 0):
 PSYoungGen      total 70656K, used 34356K [0x00000000d5580000, 0x00000000ddd80000, 0x0000000100000000)
  eden space 65536K, 44% used [0x00000000d5580000,0x00000000d7215060,0x00000000d9580000)
  from space 5120K, 99% used [0x00000000d9a80000,0x00000000d9f78050,0x00000000d9f80000)
  to   space 5120K, 0% used [0x00000000d9580000,0x00000000d9580000,0x00000000d9a80000)
 ParOldGen       total 86016K, used 7720K [0x0000000080000000, 0x0000000085400000, 0x00000000d5580000)
  object space 86016K, 8% used [0x0000000080000000,0x000000008078a030,0x0000000085400000)
 Metaspace       used 20583K, capacity 21204K, committed 21296K, reserved 1067008K
  class space    used 2884K, capacity 3074K, committed 3120K, reserved 1048576K
Event: 2.472 GC heap after
Heap after GC invocations=5 (full 0):
 PSYoungGen      total 70656K, used 5092K [0x00000000d5580000, 0x00000000dec80000, 0x0000000100000000)
  eden space 65536K, 0% used [0x00000000d5580000,0x00000000d5580000,0x00000000d9580000)
  from space 5120K, 99% used [0x00000000d9580000,0x00000000d9a79060,0x00000000d9a80000)
  to   space 11776K, 0% used [0x00000000de100000,0x00000000de100000,0x00000000dec80000)
 ParOldGen       total 86016K, used 10260K [0x0000000080000000, 0x0000000085400000, 0x00000000d5580000)
  object space 86016K, 11% used [0x0000000080000000,0x0000000080a052c8,0x0000000085400000)
 Metaspace       used 20583K, capacity 21204K, committed 21296K, reserved 1067008K
  class space    used 2884K, capacity 3074K, committed 3120K, reserved 1048576K
}
Event: 2.472 GC heap before
{Heap before GC invocations=6 (full 1):
 PSYoungGen      total 70656K, used 5092K [0x00000000d5580000, 0x00000000dec80000, 0x0000000100000000)
  eden space 65536K, 0% used [0x00000000d5580000,0x00000000d5580000,0x00000000d9580000)
  from space 5120K, 99% used [0x00000000d9580000,0x00000000d9a79060,0x00000000d9a80000)
  to   space 11776K, 0% used [0x00000000de100000,0x00000000de100000,0x00000000dec80000)
 ParOldGen       total 86016K, used 10260K [0x0000000080000000, 0x0000000085400000, 0x00000000d5580000)
  object space 86016K, 11% used [0x0000000080000000,0x0000000080a052c8,0x0000000085400000)
 Metaspace       used 20583K, capacity 21204K, committed 21296K, reserved 1067008K
  class space    used 2884K, capacity 3074K, committed 3120K, reserved 1048576K
Event: 2.501 GC heap after
Heap after GC invocations=6 (full 1):
 PSYoungGen      total 70656K, used 0K [0x00000000d5580000, 0x00000000dec80000, 0x0000000100000000)
  eden space 65536K, 0% used [0x00000000d5580000,0x00000000d5580000,0x00000000d9580000)
  from space 5120K, 0% used [0x00000000d9580000,0x00000000d9580000,0x00000000d9a80000)
  to   space 11776K, 0% used [0x00000000de100000,0x00000000de100000,0x00000000dec80000)
 ParOldGen       total 60928K, used 8465K [0x0000000080000000, 0x0000000083b80000, 0x00000000d5580000)
  object space 60928K, 13% used [0x0000000080000000,0x0000000080844750,0x0000000083b80000)
 Metaspace       used 20583K, capacity 21204K, committed 21296K, reserved 1067008K
  class space    used 2884K, capacity 3074K, committed 3120K, reserved 1048576K
}
Event: 3.343 GC heap before
{Heap before GC invocations=7 (full 1):
 PSYoungGen      total 70656K, used 65536K [0x00000000d5580000, 0x00000000dec80000, 0x0000000100000000)
  eden space 65536K, 100% used [0x00000000d5580000,0x00000000d9580000,0x00000000d9580000)
  from space 5120K, 0% used [0x00000000d9580000,0x00000000d9580000,0x00000000d9a80000)
  to   space 11776K, 0% used [0x00000000de100000,0x00000000de100000,0x00000000dec80000)
 ParOldGen       total 60928K, used 8465K [0x0000000080000000, 0x0000000083b80000, 0x00000000d5580000)
  object space 60928K, 13% used [0x0000000080000000,0x0000000080844750,0x0000000083b80000)
 Metaspace       used 28732K, capacity 29552K, committed 29616K, reserved 1075200K
  class space    used 3982K, capacity 4227K, committed 4272K, reserved 1048576K
Event: 3.355 GC heap after
Heap after GC invocations=7 (full 1):
 PSYoungGen      total 112128K, used 8397K [0x00000000d5580000, 0x00000000de980000, 0x0000000100000000)
  eden space 103424K, 0% used [0x00000000d5580000,0x00000000d5580000,0x00000000dba80000)
  from space 8704K, 96% used [0x00000000de100000,0x00000000de9335c8,0x00000000de980000)
  to   space 11776K, 0% used [0x00000000dd280000,0x00000000dd280000,0x00000000dde00000)
 ParOldGen       total 60928K, used 8473K [0x0000000080000000, 0x0000000083b80000, 0x00000000d5580000)
  object space 60928K, 13% used [0x0000000080000000,0x0000000080846750,0x0000000083b80000)
 Metaspace       used 28732K, capacity 29552K, committed 29616K, reserved 1075200K
  class space    used 3982K, capacity 4227K, committed 4272K, reserved 1048576K
}
Event: 4.197 GC heap before
{Heap before GC invocations=8 (full 1):
 PSYoungGen      total 112128K, used 111541K [0x00000000d5580000, 0x00000000de980000, 0x0000000100000000)
  eden space 103424K, 99% used [0x00000000d5580000,0x00000000dba39fb8,0x00000000dba80000)
  from space 8704K, 96% used [0x00000000de100000,0x00000000de9335c8,0x00000000de980000)
  to   space 11776K, 0% used [0x00000000dd280000,0x00000000dd280000,0x00000000dde00000)
 ParOldGen       total 60928K, used 8473K [0x0000000080000000, 0x0000000083b80000, 0x00000000d5580000)
  object space 60928K, 13% used [0x0000000080000000,0x0000000080846750,0x0000000083b80000)
 Metaspace       used 34296K, capacity 35410K, committed 35496K, reserved 1079296K
  class space    used 4719K, capacity 5004K, committed 5040K, reserved 1048576K
Event: 4.214 GC heap after
Heap after GC invocations=8 (full 1):
 PSYoungGen      total 139776K, used 11764K [0x00000000d5580000, 0x00000000e1000000, 0x0000000100000000)
  eden space 128000K, 0% used [0x00000000d5580000,0x00000000d5580000,0x00000000dd280000)
  from space 11776K, 99% used [0x00000000dd280000,0x00000000dddfd2d0,0x00000000dde00000)
  to   space 13824K, 0% used [0x00000000e0280000,0x00000000e0280000,0x00000000e1000000)
 ParOldGen       total 60928K, used 8547K [0x0000000080000000, 0x0000000083b80000, 0x00000000d5580000)
  object space 60928K, 14% used [0x0000000080000000,0x0000000080858f70,0x0000000083b80000)
 Metaspace       used 34296K, capacity 35410K, committed 35496K, reserved 1079296K
  class space    used 4719K, capacity 5004K, committed 5040K, reserved 1048576K
}
Event: 4.214 GC heap before
{Heap before GC invocations=9 (full 2):
 PSYoungGen      total 139776K, used 11764K [0x00000000d5580000, 0x00000000e1000000, 0x0000000100000000)
  eden space 128000K, 0% used [0x00000000d5580000,0x00000000d5580000,0x00000000dd280000)
  from space 11776K, 99% used [0x00000000dd280000,0x00000000dddfd2d0,0x00000000dde00000)
  to   space 13824K, 0% used [0x00000000e0280000,0x00000000e0280000,0x00000000e1000000)
 ParOldGen       total 60928K, used 8547K [0x0000000080000000, 0x0000000083b80000, 0x00000000d5580000)
  object space 60928K, 14% used [0x0000000080000000,0x0000000080858f70,0x0000000083b80000)
 Metaspace       used 34296K, capacity 35410K, committed 35496K, reserved 1079296K
  class space    used 4719K, capacity 5004K, committed 5040K, reserved 1048576K

