# JRE version: OpenJDK Runtime Environment (8.0_242) (build 1.8.0_242-release-1644-b3-6222593)
# Java VM: OpenJDK 64-Bit Server VM (25.242-b3-6222593 mixed mode linux-amd64 compressed oops)
Heap:
 PSYoungGen      total 139264K, used 0K [0x00000000d5580000, 0x00000000e0d00000, 0x0000000100000000)
  eden space 126976K, 0% used [0x00000000d5580000,0x00000000d5580000,0x00000000dd180000)
  from space 12288K, 0% used [0x00000000dd180000,0x00000000dd180000,0x00000000ddd80000)
  to   space 13824K, 0% used [0x00000000dff80000,0x00000000dff80000,0x00000000e0d00000)
 ParOldGen       total 63488K, used 17989K [0x0000000080000000, 0x0000000083e00000, 0x00000000d5580000)
  object space 63488K, 28% used [0x0000000080000000,0x00000000811914b0,0x0000000083e00000)
 Metaspace       used 34286K, capacity 35422K, committed 35496K, reserved 1079296K
  class space    used 4718K, capacity 5004K, committed 5040K, reserved 1048576K
GC Heap History (10 events):
Event: 1.851 GC heap after
Heap after GC invocations=4 (full 0):
 PSYoungGen      total 70656K, used 5104K [0x00000000d5580000, 0x00000000d9f80000, 0x0000000100000000)
  eden space 65536K, 0% used [0x00000000d5580000,0x00000000d5580000,0x00000000d9580000)
  from space 5120K, 99% used [0x00000000d9a80000,0x00000000d9f7c040,0x00000000d9f80000)
  to   space 5120K, 0% used [0x00000000d9580000,0x00000000d9580000,0x00000000d9a80000)
 ParOldGen       total 86016K, used 4294K [0x0000000080000000, 0x0000000085400000, 0x00000000d5580000)
  object space 86016K, 4% used [0x0000000080000000,0x0000000080431b78,0x0000000085400000)
 Metaspace       used 16198K, capacity 16820K, committed 17024K, reserved 1064960K
  class space    used 2167K, capacity 2366K, committed 2432K, reserved 1048576K
}
Event: 2.569 GC heap before
{Heap before GC invocations=5 (full 0):
 PSYoungGen      total 70656K, used 65715K [0x00000000d5580000, 0x00000000d9f80000, 0x0000000100000000)
  eden space 65536K, 92% used [0x00000000d5580000,0x00000000d90b0c98,0x00000000d9580000)
  from space 5120K, 99% used [0x00000000d9a80000,0x00000000d9f7c040,0x00000000d9f80000)
  to   space 5120K, 0% used [0x00000000d9580000,0x00000000d9580000,0x00000000d9a80000)
 ParOldGen       total 86016K, used 4294K [0x0000000080000000, 0x0000000085400000, 0x00000000d5580000)
  object space 86016K, 4% used [0x0000000080000000,0x0000000080431b78,0x0000000085400000)
 Metaspace       used 20587K, capacity 21216K, committed 21296K, reserved 1067008K
  class space    used 2883K, capacity 3074K, committed 3120K, reserved 1048576K
Event: 2.578 GC heap after
Heap after GC invocations=5 (full 0):
 PSYoungGen      total 70656K, used 5104K [0x00000000d5580000, 0x00000000dec80000, 0x0000000100000000)
  eden space 65536K, 0% used [0x00000000d5580000,0x00000000d5580000,0x00000000d9580000)
  from space 5120K, 99% used [0x00000000d9580000,0x00000000d9a7c050,0x00000000d9a80000)
  to   space 11776K, 0% used [0x00000000de100000,0x00000000de100000,0x00000000dec80000)
 ParOldGen       total 86016K, used 10108K [0x0000000080000000, 0x0000000085400000, 0x00000000d5580000)
  object space 86016K, 11% used [0x0000000080000000,0x00000000809df130,0x0000000085400000)
 Metaspace       used 20587K, capacity 21216K, committed 21296K, reserved 1067008K
  class space    used 2883K, capacity 3074K, committed 3120K, reserved 1048576K
}
Event: 2.578 GC heap before
{Heap before GC invocations=6 (full 1):
 PSYoungGen      total 70656K, used 5104K [0x00000000d5580000, 0x00000000dec80000, 0x0000000100000000)
  eden space 65536K, 0% used [0x00000000d5580000,0x00000000d5580000,0x00000000d9580000)
  from space 5120K, 99% used [0x00000000d9580000,0x00000000d9a7c050,0x00000000d9a80000)
  to   space 11776K, 0% used [0x00000000de100000,0x00000000de100000,0x00000000dec80000)
 ParOldGen       total 86016K, used 10108K [0x0000000080000000, 0x0000000085400000, 0x00000000d5580000)
  object space 86016K, 11% used [0x0000000080000000,0x00000000809df130,0x0000000085400000)
 Metaspace       used 20587K, capacity 21216K, committed 21296K, reserved 1067008K
  class space    used 2883K, capacity 3074K, committed 3120K, reserved 1048576K
Event: 2.609 GC heap after
Heap after GC invocations=6 (full 1):
 PSYoungGen      total 70656K, used 0K [0x00000000d5580000, 0x00000000dec80000, 0x0000000100000000)
  eden space 65536K, 0% used [0x00000000d5580000,0x00000000d5580000,0x00000000d9580000)
  from space 5120K, 0% used [0x00000000d9580000,0x00000000d9580000,0x00000000d9a80000)
  to   space 11776K, 0% used [0x00000000de100000,0x00000000de100000,0x00000000dec80000)
 ParOldGen       total 63488K, used 10613K [0x0000000080000000, 0x0000000083e00000, 0x00000000d5580000)
  object space 63488K, 16% used [0x0000000080000000,0x0000000080a5d680,0x0000000083e00000)
 Metaspace       used 20587K, capacity 21216K, committed 21296K, reserved 1067008K
  class space    used 2883K, capacity 3074K, committed 3120K, reserved 1048576K
}
Event: 3.571 GC heap before
{Heap before GC invocations=7 (full 1):
 PSYoungGen      total 70656K, used 65536K [0x00000000d5580000, 0x00000000dec80000, 0x0000000100000000)
  eden space 65536K, 100% used [0x00000000d5580000,0x00000000d9580000,0x00000000d9580000)
  from space 5120K, 0% used [0x00000000d9580000,0x00000000d9580000,0x00000000d9a80000)
  to   space 11776K, 0% used [0x00000000de100000,0x00000000de100000,0x00000000dec80000)
 ParOldGen       total 63488K, used 10613K [0x0000000080000000, 0x0000000083e00000, 0x00000000d5580000)
  object space 63488K, 16% used [0x0000000080000000,0x0000000080a5d680,0x0000000083e00000)
 Metaspace       used 28728K, capacity 29564K, committed 29616K, reserved 1075200K
  class space    used 3978K, capacity 4227K, committed 4272K, reserved 1048576K
Event: 3.579 GC heap after
Heap after GC invocations=7 (full 1):
 PSYoungGen      total 110080K, used 8419K [0x00000000d5580000, 0x00000000de980000, 0x0000000100000000)
  eden space 101376K, 0% used [0x00000000d5580000,0x00000000d5580000,0x00000000db880000)
  from space 8704K, 96% used [0x00000000de100000,0x00000000de938c38,0x00000000de980000)
  to   space 12288K, 0% used [0x00000000dd180000,0x00000000dd180000,0x00000000ddd80000)
 ParOldGen       total 63488K, used 10621K [0x0000000080000000, 0x0000000083e00000, 0x00000000d5580000)
  object space 63488K, 16% used [0x0000000080000000,0x0000000080a5f680,0x0000000083e00000)
 Metaspace       used 28728K, capacity 29564K, committed 29616K, reserved 1075200K
  class space    used 3978K, capacity 4227K, committed 4272K, reserved 1048576K
}
Event: 4.453 GC heap before
{Heap before GC invocations=8 (full 1):
 PSYoungGen      total 110080K, used 109795K [0x00000000d5580000, 0x00000000de980000, 0x0000000100000000)
  eden space 101376K, 100% used [0x00000000d5580000,0x00000000db880000,0x00000000db880000)
  from space 8704K, 96% used [0x00000000de100000,0x00000000de938c38,0x00000000de980000)
  to   space 12288K, 0% used [0x00000000dd180000,0x00000000dd180000,0x00000000ddd80000)
 ParOldGen       total 63488K, used 10621K [0x0000000080000000, 0x0000000083e00000, 0x00000000d5580000)
  object space 63488K, 16% used [0x0000000080000000,0x0000000080a5f680,0x0000000083e00000)
 Metaspace       used 34286K, capacity 35422K, committed 35496K, reserved 1079296K
  class space    used 4718K, capacity 5004K, committed 5040K, reserved 1048576K
Event: 4.479 GC heap after
Heap after GC invocations=8 (full 1):
 PSYoungGen      total 139264K, used 11869K [0x00000000d5580000, 0x00000000e0d00000, 0x0000000100000000)
  eden space 126976K, 0% used [0x00000000d5580000,0x00000000d5580000,0x00000000dd180000)
  from space 12288K, 96% used [0x00000000dd180000,0x00000000ddd175f0,0x00000000ddd80000)
  to   space 13824K, 0% used [0x00000000dff80000,0x00000000dff80000,0x00000000e0d00000)
 ParOldGen       total 63488K, used 10629K [0x0000000080000000, 0x0000000083e00000, 0x00000000d5580000)
  object space 63488K, 16% used [0x0000000080000000,0x0000000080a61680,0x0000000083e00000)
 Metaspace       used 34286K, capacity 35422K, committed 35496K, reserved 1079296K
  class space    used 4718K, capacity 5004K, committed 5040K, reserved 1048576K
}
Event: 4.479 GC heap before
{Heap before GC invocations=9 (full 2):
 PSYoungGen      total 139264K, used 11869K [0x00000000d5580000, 0x00000000e0d00000, 0x0000000100000000)
  eden space 126976K, 0% used [0x00000000d5580000,0x00000000d5580000,0x00000000dd180000)
  from space 12288K, 96% used [0x00000000dd180000,0x00000000ddd175f0,0x00000000ddd80000)
  to   space 13824K, 0% used [0x00000000dff80000,0x00000000dff80000,0x00000000e0d00000)
 ParOldGen       total 63488K, used 10629K [0x0000000080000000, 0x0000000083e00000, 0x00000000d5580000)
  object space 63488K, 16% used [0x0000000080000000,0x0000000080a61680,0x0000000083e00000)
 Metaspace       used 34286K, capacity 35422K, committed 35496K, reserved 1079296K
  class space    used 4718K, capacity 5004K, committed 5040K, reserved 1048576K

